<?xml version="1.0" encoding="UTF-8"?>
<testsuite name="io.github.iml1s.miniscript.policy.PolicyTest" tests="5" skipped="0" failures="0" errors="0" timestamp="2026-01-01T03:10:09.525Z" hostname="WIN_DESKTOP" time="0.038">
  <properties/>
  <testcase name="testNestedLift[jvm]" classname="io.github.iml1s.miniscript.policy.PolicyTest" time="0.032"/>
  <testcase name="testLift[jvm]" classname="io.github.iml1s.miniscript.policy.PolicyTest" time="0.003"/>
  <testcase name="testConcreteParse[jvm]" classname="io.github.iml1s.miniscript.policy.PolicyTest" time="0.001"/>
  <testcase name="testConcreteOrWithProb[jvm]" classname="io.github.iml1s.miniscript.policy.PolicyTest" time="0.0"/>
  <testcase name="testConcreteAnd[jvm]" classname="io.github.iml1s.miniscript.policy.PolicyTest" time="0.001"/>
  <system-out><![CDATA[]]></system-out>
  <system-err><![CDATA[]]></system-err>
</testsuite>
